<?xml version="1.0" encoding="UTF-8" ?>
<testsuite tests="17" failures="0" name="at.ac.tuwien.inso.swtesten.util.CucumberJUnitTest" time="0.01" errors="0" skipped="0">
  <properties>
    <property name="java.runtime.name" value="Java(TM) SE Runtime Environment"/>
    <property name="sun.boot.library.path" value="C:\Program Files\Java\jdk1.8.0\jre\bin"/>
    <property name="java.vm.version" value="25.0-b70"/>
    <property name="java.vm.vendor" value="Oracle Corporation"/>
    <property name="java.vendor.url" value="http://java.oracle.com/"/>
    <property name="path.separator" value=";"/>
    <property name="guice.disable.misplaced.annotation.check" value="true"/>
    <property name="java.vm.name" value="Java HotSpot(TM) 64-Bit Server VM"/>
    <property name="file.encoding.pkg" value="sun.io"/>
    <property name="user.script" value=""/>
    <property name="user.country" value="AT"/>
    <property name="sun.java.launcher" value="SUN_STANDARD"/>
    <property name="sun.os.patch.level" value="Service Pack 1"/>
    <property name="java.vm.specification.name" value="Java Virtual Machine Specification"/>
    <property name="user.dir" value="C:\Users\Sebastian\workspaceluna\softwaretesting"/>
    <property name="java.runtime.version" value="1.8.0-b132"/>
    <property name="java.awt.graphicsenv" value="sun.awt.Win32GraphicsEnvironment"/>
    <property name="java.endorsed.dirs" value="C:\Program Files\Java\jdk1.8.0\jre\lib\endorsed"/>
    <property name="os.arch" value="amd64"/>
    <property name="java.io.tmpdir" value="C:\Users\SEBAST~1\AppData\Local\Temp\"/>
    <property name="line.separator" value="
"/>
    <property name="java.vm.specification.vendor" value="Oracle Corporation"/>
    <property name="user.variant" value=""/>
    <property name="os.name" value="Windows 7"/>
    <property name="classworlds.conf" value="C:\Users\Sebastian\workspaceluna\.metadata\.plugins\org.eclipse.m2e.launching\launches\m2conf5387331344134337747.tmp"/>
    <property name="sun.jnu.encoding" value="Cp1252"/>
    <property name="java.library.path" value="C:\Program Files\Java\jdk1.8.0\bin;C:\Windows\Sun\Java\bin;C:\Windows\system32;C:\Windows;C:\ProgramData\Oracle\Java\javapath;C:\Program Files\Ruby200-x64\bin;C:\Perl64\site\bin;C:\Perl64\bin;C:\Program Files (x86)\NVIDIA Corporation\PhysX\Common;C:\Program Files (x86)\AMD APP\bin\x86_64;C:\Program Files (x86)\AMD APP\bin\x86;C:\Windows\system32;C:\Windows;C:\Windows\System32\Wbem;C:\Windows\System32\WindowsPowerShell\v1.0\;C:\Program Files (x86)\ATI Technologies\ATI.ACE\Core-Static;C:\Program Files\Java\jdk1.7.0_09\bin;C:\Program Files\MiKTeX 2.9\miktex\bin\x64\;C:\Program Files\MATLAB\R2012b\bin;C:\Program Files\Microsoft Windows Performance Toolkit\;C:\Program Files (x86)\gettext-utils\bin;C:\Program Files (x86)\Git\bin;C:\Program Files\TortoiseSVN\bin;C:\Program Files\Common Files\Autodesk Shared\;C:\Program Files\apache-maven-3.1.1\bin;C:\Program Files\apache-tomcat-7.0.47\bin;C:\Program Files (x86)\MySQL\MySQL Utilities 1.3.5\;C:\Program Files\Microsoft Network Monitor 3\;C:\Program Files\TortoiseHg\;C:\Program Files (x86)\Windows Kits\8.1\Windows Performance Toolkit\;C:\Program Files\Microsoft SQL Server\110\Tools\Binn\;C:\Program Files (x86)\GtkSharp\2.12\bin;C:\Program Files\doxygen\bin;C:\Program Files (x86)\Graphviz2.36\bin;C:\Program Files (x86)\GNU\GnuPG\pub;C:\Program Files\Amazon\AWSCLI\;C:\MinGW\bin;C:\Program Files\TortoiseGit\bin;C:\HashiCorp\Vagrant\bin;."/>
    <property name="java.specification.name" value="Java Platform API Specification"/>
    <property name="java.class.version" value="52.0"/>
    <property name="sun.management.compiler" value="HotSpot 64-Bit Tiered Compilers"/>
    <property name="os.version" value="6.1"/>
    <property name="user.home" value="C:\Users\Sebastian"/>
    <property name="user.timezone" value="Europe/Paris"/>
    <property name="java.awt.printerjob" value="sun.awt.windows.WPrinterJob"/>
    <property name="java.specification.version" value="1.8"/>
    <property name="file.encoding" value="Cp1252"/>
    <property name="user.name" value="Sebastian"/>
    <property name="java.class.path" value="/C:/Program Files/eclipse luna java/plugins/org.eclipse.m2e.maven.runtime_1.5.0.20140605-2032/jars/plexus-classworlds-2.5.1.jar"/>
    <property name="org.slf4j.simpleLogger.defaultLogLevel" value="info"/>
    <property name="java.vm.specification.version" value="1.8"/>
    <property name="sun.arch.data.model" value="64"/>
    <property name="java.home" value="C:\Program Files\Java\jdk1.8.0\jre"/>
    <property name="sun.java.command" value="org.codehaus.plexus.classworlds.launcher.Launcher -B test"/>
    <property name="java.specification.vendor" value="Oracle Corporation"/>
    <property name="user.language" value="de"/>
    <property name="awt.toolkit" value="sun.awt.windows.WToolkit"/>
    <property name="java.vm.info" value="mixed mode"/>
    <property name="java.version" value="1.8.0"/>
    <property name="java.ext.dirs" value="C:\Program Files\Java\jdk1.8.0\jre\lib\ext;C:\Windows\Sun\Java\lib\ext"/>
    <property name="sun.boot.class.path" value="C:\Program Files\Java\jdk1.8.0\jre\lib\resources.jar;C:\Program Files\Java\jdk1.8.0\jre\lib\rt.jar;C:\Program Files\Java\jdk1.8.0\jre\lib\sunrsasign.jar;C:\Program Files\Java\jdk1.8.0\jre\lib\jsse.jar;C:\Program Files\Java\jdk1.8.0\jre\lib\jce.jar;C:\Program Files\Java\jdk1.8.0\jre\lib\charsets.jar;C:\Program Files\Java\jdk1.8.0\jre\lib\jfr.jar;C:\Program Files\Java\jdk1.8.0\jre\classes"/>
    <property name="java.vendor" value="Oracle Corporation"/>
    <property name="maven.home" value="C:\Users\Sebastian\workspaceluna\softwaretesting\EMBEDDED"/>
    <property name="file.separator" value="\"/>
    <property name="java.vendor.url.bug" value="http://bugreport.sun.com/bugreport/"/>
    <property name="sun.cpu.endian" value="little"/>
    <property name="sun.io.unicode.encoding" value="UnicodeLittle"/>
    <property name="sun.desktop" value="windows"/>
    <property name="sun.cpu.isalist" value="amd64"/>
  </properties>
  <testcase classname="Scenario: Look up the definition of the Masters Course - Software Engineering &amp; Internet Computing" name="Given I want to look up the definition of the master courses at Vienna University of Technology" time="0.01"/>
  <testcase classname="Scenario: Look up the definition of the Masters Course - Software Engineering &amp; Internet Computing" name="When I select the Master courses in the teaching section" time="0"/>
  <testcase classname="Scenario: Look up the definition of the Masters Course - Software Engineering &amp; Internet Computing" name="And When I select the course &quot;Masterstudium Software Engineering &amp; Internet Computing&quot;" time="0"/>
  <testcase classname="Scenario: Look up the definition of the Masters Course - Software Engineering &amp; Internet Computing" name="Then the definition of this course is shown" time="0"/>
  <testcase classname="Scenario: Look up the definition of the Masters Course - Software Engineering &amp; Internet Computing" name="Scenario: Look up the definition of the Masters Course - Software Engineering &amp; Internet Computing" time="0"/>
  <testcase classname="Scenario: Search for Software Testen" name="Given I am on the wikipedia homepage" time="0"/>
  <testcase classname="Scenario: Search for Software Testen" name="When I select German" time="0"/>
  <testcase classname="Scenario: Search for Software Testen" name="Then the german startpage is shown with the title &quot;Willkommen bei Wikipedia&quot;" time="0"/>
  <testcase classname="Scenario: Search for Software Testen" name="And When I search for &quot;Softwaretest&quot;" time="0"/>
  <testcase classname="Scenario: Search for Software Testen" name="Then the article for a &quot;Softwaretest&quot; is shown" time="0"/>
  <testcase classname="Scenario: Search for Software Testen" name="Scenario: Search for Software Testen" time="0"/>
  <testcase classname="Scenario: Search for a non existing article" name="Given I am on the wikipedia homepage" time="0"/>
  <testcase classname="Scenario: Search for a non existing article" name="When I select German" time="0"/>
  <testcase classname="Scenario: Search for a non existing article" name="Then the german startpage is shown with the title &quot;Willkommen bei Wikipedia&quot;" time="0"/>
  <testcase classname="Scenario: Search for a non existing article" name="And When I search for &quot;Something else&quot;" time="0"/>
  <testcase classname="Scenario: Search for a non existing article" name="Then the article for &quot;Something else&quot; should not exist" time="0"/>
  <testcase classname="Scenario: Search for a non existing article" name="Scenario: Search for a non existing article" time="0"/>
</testsuite>